<?xml version="1.0" encoding="UTF-8"?>
<!-- Generated by org.testng.reporters.JUnitReportReporter -->
<testsuite hostname="FTTEMP-002" failures="0" tests="12" name="keyword.framework.KeywordDrivenFramework.KeywordDrivenTest" time="120.970" errors="0" timestamp="2025-10-27T17:46:42 IST" skipped="0">
  <testcase classname="keyword.framework.KeywordDrivenFramework.KeywordDrivenTest" name="runLoginTest" time="11.429"/>
  <testcase classname="keyword.framework.KeywordDrivenFramework.KeywordDrivenTest" name="runPurchaseTest" time="15.147"/>
  <testcase classname="keyword.framework.KeywordDrivenFramework.KeywordDrivenTest" name="runPurchaseTest" time="12.293"/>
  <testcase classname="keyword.framework.KeywordDrivenFramework.KeywordDrivenTest" name="runPurchaseTest" time="12.482"/>
  <testcase classname="keyword.framework.KeywordDrivenFramework.KeywordDrivenTest" name="runPurchaseTest" time="12.850"/>
  <testcase classname="keyword.framework.KeywordDrivenFramework.KeywordDrivenTest" name="runPurchaseTest" time="12.861"/>
  <testcase classname="keyword.framework.KeywordDrivenFramework.KeywordDrivenTest" name="runRemoveTest" time="6.635"/>
  <testcase classname="keyword.framework.KeywordDrivenFramework.KeywordDrivenTest" name="runRemoveTest" time="7.063"/>
  <testcase classname="keyword.framework.KeywordDrivenFramework.KeywordDrivenTest" name="runRemoveTest" time="6.409"/>
  <testcase classname="keyword.framework.KeywordDrivenFramework.KeywordDrivenTest" name="runRemoveTest" time="6.512"/>
  <testcase classname="keyword.framework.KeywordDrivenFramework.KeywordDrivenTest" name="runRemoveTest" time="6.676"/>
  <testcase classname="keyword.framework.KeywordDrivenFramework.KeywordDrivenTest" name="runSignoutTest" time="10.613"/>
</testsuite> <!-- keyword.framework.KeywordDrivenFramework.KeywordDrivenTest -->
