<?xml version="1.0" encoding="UTF-8"?>
<!-- Generated by org.testng.reporters.JUnitReportReporter -->
<testsuite hostname="FTFA-TEM003" failures="0" tests="1" name="keyword.framework.KeywordDrivenFramework.AmazonFlowTest" time="49.742" errors="0" timestamp="2025-10-08T17:21:25 IST" skipped="0">
  <testcase classname="keyword.framework.KeywordDrivenFramework.AmazonFlowTest" name="testLoginAndPurchase" time="49.742"/>
</testsuite> <!-- keyword.framework.KeywordDrivenFramework.AmazonFlowTest -->
