<?xml version="1.0" encoding="UTF-8"?>
<!-- Generated by org.testng.reporters.JUnitReportReporter -->
<testsuite hostname="FTFA-TEM003" failures="0" tests="6" name="keyword.framework.KeywordDrivenFramework.KeywordDrivenTest" time="93.069" errors="0" timestamp="2025-10-10T18:38:17 IST" skipped="0">
  <testcase classname="keyword.framework.KeywordDrivenFramework.KeywordDrivenTest" name="runLoginTest" time="16.586"/>
  <testcase classname="keyword.framework.KeywordDrivenFramework.KeywordDrivenTest" name="runPurchaseTest" time="27.306"/>
  <testcase classname="keyword.framework.KeywordDrivenFramework.KeywordDrivenTest" name="runPurchaseTest" time="27.035"/>
  <testcase classname="keyword.framework.KeywordDrivenFramework.KeywordDrivenTest" name="runPurchaseTest" time="3.079"/>
  <testcase classname="keyword.framework.KeywordDrivenFramework.KeywordDrivenTest" name="runPurchaseTest" time="15.976"/>
  <testcase classname="keyword.framework.KeywordDrivenFramework.KeywordDrivenTest" name="runPurchaseTest" time="3.087"/>
</testsuite> <!-- keyword.framework.KeywordDrivenFramework.KeywordDrivenTest -->
